#
# There is insufficient memory for the Java Runtime Environment to continue.
# Native memory allocation (mmap) failed to map 536870912 bytes for G1 virtual space
# Possible reasons:
#   The system is out of physical RAM or swap space
#   The process is running with CompressedOops enabled, and the Java Heap may be blocking the growth of the native heap
# Possible solutions:
#   Reduce memory load on the system
#   Increase physical memory or swap space
#   Check if swap backing store is full
#   Decrease Java heap size (-Xmx/-Xms)
#   Decrease number of Java threads
#   Decrease Java thread stack sizes (-Xss)
#   Set larger code cache with -XX:ReservedCodeCacheSize=
#   JVM is running with Zero Based Compressed Oops mode in which the Java heap is
#     placed in the first 32GB address space. The Java Heap base address is the
#     maximum limit for the native heap growth. Please use -XX:HeapBaseMinAddress
#     to set the Java Heap base and to place the Java Heap above 32GB virtual address.
# This output file may be truncated or incomplete.
#
#  Out of Memory Error (os_windows.cpp:3825), pid=12680, tid=32772
#
# JRE version:  (17.0.10) (build )
# Java VM: OpenJDK 64-Bit Server VM (17.0.10+0--11609105, mixed mode, sharing, tiered, compressed oops, compressed class ptrs, g1 gc, windows-amd64)
# No core dump will be written. Minidumps are not enabled by default on client versions of Windows
#

---------------  S U M M A R Y ------------

Command Line: git4idea.http.GitAskPassApp Username for 'https://github.com': 

Host: Intel(R) Core(TM) i7-4790K CPU @ 4.00GHz, 8 cores, 31G,  Windows 10 , 64 bit Build 19041 (10.0.19041.4597)
Time: Mon Aug 12 11:25:12 2024 Central Europe Summer Time elapsed time: 0.010835 seconds (0d 0h 0m 0s)

---------------  T H R E A D  ---------------

Current thread (0x000001681e0903a0):  JavaThread "Unknown thread" [_thread_in_vm, id=32772, stack(0x00000007f6900000,0x00000007f6a00000)]

Stack: [0x00000007f6900000,0x00000007f6a00000]
Native frames: (J=compiled Java code, j=interpreted, Vv=VM code, C=native code)
V  [jvm.dll+0x688de9]
V  [jvm.dll+0x8423da]
V  [jvm.dll+0x84401e]
V  [jvm.dll+0x844683]
V  [jvm.dll+0x24be0f]
V  [jvm.dll+0x685bb9]
V  [jvm.dll+0x67a46a]
V  [jvm.dll+0x30cbab]
V  [jvm.dll+0x314056]
V  [jvm.dll+0x363dce]
V  [jvm.dll+0x363fff]
V  [jvm.dll+0x2e2978]
V  [jvm.dll+0x2e38e4]
V  [jvm.dll+0x812f71]
V  [jvm.dll+0x371c81]
V  [jvm.dll+0x7f1ac6]
V  [jvm.dll+0x3f58df]
V  [jvm.dll+0x3f7511]
C  [jli.dll+0x528f]
C  [ucrtbase.dll+0x21bb2]
C  [KERNEL32.DLL+0x17374]
C  [ntdll.dll+0x4cc91]


---------------  P R O C E S S  ---------------

Threads class SMR info:
_java_thread_list=0x00007ff9d9d9ef58, length=0, elements={
}

Java Threads: ( => current thread )

Other Threads:
  0x000001681e13e300 GCTaskThread "GC Thread#0" [stack: 0x00000007f6a00000,0x00000007f6b00000] [id=20644]
  0x0000016845724050 ConcurrentGCThread "G1 Main Marker" [stack: 0x00000007f6b00000,0x00000007f6c00000] [id=26712]
  0x000001681e14b1f0 ConcurrentGCThread "G1 Conc#0" [stack: 0x00000007f6c00000,0x00000007f6d00000] [id=20588]

[error occurred during error reporting (printing all threads), id 0xc0000005, EXCEPTION_ACCESS_VIOLATION (0xc0000005) at pc=0x00007ff9d9553547]

VM state: not at safepoint (not fully initialized)

VM Mutex/Monitor currently owned by a thread:  ([mutex/lock_event])
[0x000001681e08c9b0] Heap_lock - owner thread: 0x000001681e0903a0

Heap address: 0x000000042c000000, size: 8160 MB, Compressed Oops mode: Zero based, Oop shift amount: 3

CDS archive(s) mapped at: [0x0000000000000000-0x0000000000000000-0x0000000000000000), size 0, SharedBaseAddress: 0x0000000800000000, ArchiveRelocationMode: 1.
Narrow klass base: 0x0000000000000000, Narrow klass shift: 0, Narrow klass range: 0x0

GC Precious Log:
<Empty>

Heap:
 garbage-first heap   total 0K, used 0K [0x000000042c000000, 0x000000062a000000)
  region size 4096K, 0 young (0K), 0 survivors (0K)
 Metaspace       used 0K, committed 0K, reserved 0K
  class space    used 0K, committed 0K, reserved 0K

Heap Regions: E=young(eden), S=young(survivor), O=old, HS=humongous(starts), HC=humongous(continues), CS=collection set, F=free, OA=open archive, CA=closed archive, TAMS=top-at-mark-start (previous, next)

Card table byte_map: [0x00000168337b0000,0x00000168347a0000] _byte_map_base: 0x0000016831650000

Marking Bits (Prev, Next): (CMBitMap*) 0x000001681e13e830, (CMBitMap*) 0x000001681e13e870
 Prev Bits: [0x0000016835790000, 0x000001683d710000)
 Next Bits: [0x000001683d710000, 0x0000016845690000)

GC Heap History (0 events):
No events

Dll operation events (1 events):
Event: 0.007 Loaded shared library C:\Program Files\Android\Android Studio\jbr\bin\java.dll

Deoptimization events (0 events):
No events

Classes unloaded (0 events):
No events

Classes redefined (0 events):
No events

Internal exceptions (0 events):
No events

VM Operations (0 events):
No events

Events (0 events):
No events


Dynamic libraries:
0x00007ff771920000 - 0x00007ff77192a000 	C:\Program Files\Android\Android Studio\jbr\bin\java.exe
0x00007ffa7fcf0000 - 0x00007ffa7fee8000 	C:\WINDOWS\SYSTEM32\ntdll.dll
0x00007ffa7eca0000 - 0x00007ffa7ed61000 	C:\WINDOWS\System32\KERNEL32.DLL
0x00007ffa7d630000 - 0x00007ffa7d926000 	C:\WINDOWS\System32\KERNELBASE.dll
0x00007ffa7d530000 - 0x00007ffa7d630000 	C:\WINDOWS\System32\ucrtbase.dll
0x00007ffa5dba0000 - 0x00007ffa5dbb7000 	C:\Program Files\Android\Android Studio\jbr\bin\jli.dll
0x00007ffa22190000 - 0x00007ffa221ab000 	C:\Program Files\Android\Android Studio\jbr\bin\VCRUNTIME140.dll
0x00007ffa7e880000 - 0x00007ffa7ea1f000 	C:\WINDOWS\System32\USER32.dll
0x00007ffa7dde0000 - 0x00007ffa7de02000 	C:\WINDOWS\System32\win32u.dll
0x00007ffa7c850000 - 0x00007ffa7caea000 	C:\WINDOWS\WinSxS\amd64_microsoft.windows.common-controls_6595b64144ccf1df_6.0.19041.4355_none_60b8b9eb71f62e16\COMCTL32.dll
0x00007ffa7fc80000 - 0x00007ffa7fcab000 	C:\WINDOWS\System32\GDI32.dll
0x00007ffa7ec00000 - 0x00007ffa7ec9e000 	C:\WINDOWS\System32\msvcrt.dll
0x00007ffa7db60000 - 0x00007ffa7dc77000 	C:\WINDOWS\System32\gdi32full.dll
0x00007ffa7d490000 - 0x00007ffa7d52d000 	C:\WINDOWS\System32\msvcp_win.dll
0x00007ffa7ea20000 - 0x00007ffa7ea4f000 	C:\WINDOWS\System32\IMM32.DLL
0x00007ffa51a80000 - 0x00007ffa51a8c000 	C:\Program Files\Android\Android Studio\jbr\bin\vcruntime140_1.dll
0x00007ff9f3540000 - 0x00007ff9f35cd000 	C:\Program Files\Android\Android Studio\jbr\bin\msvcp140.dll
0x00007ff9d9260000 - 0x00007ff9d9ee3000 	C:\Program Files\Android\Android Studio\jbr\bin\server\jvm.dll
0x00007ffa7e620000 - 0x00007ffa7e6d0000 	C:\WINDOWS\System32\ADVAPI32.dll
0x00007ffa7e580000 - 0x00007ffa7e620000 	C:\WINDOWS\System32\sechost.dll
0x00007ffa7ed70000 - 0x00007ffa7ee93000 	C:\WINDOWS\System32\RPCRT4.dll
0x00007ffa7d9e0000 - 0x00007ffa7da07000 	C:\WINDOWS\System32\bcrypt.dll
0x00007ffa7d080000 - 0x00007ffa7d0cb000 	C:\WINDOWS\SYSTEM32\POWRPROF.dll
0x00007ffa64330000 - 0x00007ffa64339000 	C:\WINDOWS\SYSTEM32\WSOCK32.dll
0x00007ffa74820000 - 0x00007ffa74847000 	C:\WINDOWS\SYSTEM32\WINMM.dll
0x00007ffa7fc00000 - 0x00007ffa7fc6b000 	C:\WINDOWS\System32\WS2_32.dll
0x00007ffa76180000 - 0x00007ffa7618a000 	C:\WINDOWS\SYSTEM32\VERSION.dll
0x00007ffa7caf0000 - 0x00007ffa7cb02000 	C:\WINDOWS\SYSTEM32\UMPDC.dll
0x00007ffa7acc0000 - 0x00007ffa7acd2000 	C:\WINDOWS\SYSTEM32\kernel.appcore.dll
0x00007ffa68040000 - 0x00007ffa6804a000 	C:\Program Files\Android\Android Studio\jbr\bin\jimage.dll
0x00007ffa7cce0000 - 0x00007ffa7cec4000 	C:\WINDOWS\SYSTEM32\DBGHELP.DLL
0x00007ffa7cc20000 - 0x00007ffa7cc54000 	C:\WINDOWS\SYSTEM32\dbgcore.DLL
0x00007ffa7da80000 - 0x00007ffa7db02000 	C:\WINDOWS\System32\bcryptPrimitives.dll
0x00007ffa5f2a0000 - 0x00007ffa5f2c5000 	C:\Program Files\Android\Android Studio\jbr\bin\java.dll

dbghelp: loaded successfully - version: 4.0.5 - missing functions: none
symbol engine: initialized successfully - sym options: 0x614 - pdb path: .;C:\Program Files\Android\Android Studio\jbr\bin;C:\WINDOWS\SYSTEM32;C:\WINDOWS\WinSxS\amd64_microsoft.windows.common-controls_6595b64144ccf1df_6.0.19041.4355_none_60b8b9eb71f62e16;C:\Program Files\Android\Android Studio\jbr\bin\server

VM Arguments:
java_command: git4idea.http.GitAskPassApp Username for 'https://github.com': 
java_class_path (initial): C:/Program Files/Android/Android Studio/plugins/vcs-git/lib/git4idea-rt.jar;C:/Program Files/Android/Android Studio/lib/externalProcess-rt.jar
Launcher Type: SUN_STANDARD

[Global flags]
     intx CICompilerCount                          = 4                                         {product} {ergonomic}
     uint ConcGCThreads                            = 2                                         {product} {ergonomic}
     uint G1ConcRefinementThreads                  = 8                                         {product} {ergonomic}
   size_t G1HeapRegionSize                         = 4194304                                   {product} {ergonomic}
    uintx GCDrainStackTargetSize                   = 64                                        {product} {ergonomic}
   size_t InitialHeapSize                          = 536870912                                 {product} {ergonomic}
   size_t MarkStackSize                            = 4194304                                   {product} {ergonomic}
   size_t MaxHeapSize                              = 8556380160                                {product} {ergonomic}
   size_t MinHeapDeltaBytes                        = 4194304                                   {product} {ergonomic}
   size_t MinHeapSize                              = 8388608                                   {product} {ergonomic}
    uintx NonNMethodCodeHeapSize                   = 5839372                                {pd product} {ergonomic}
    uintx NonProfiledCodeHeapSize                  = 122909434                              {pd product} {ergonomic}
    uintx ProfiledCodeHeapSize                     = 122909434                              {pd product} {ergonomic}
    uintx ReservedCodeCacheSize                    = 251658240                              {pd product} {ergonomic}
     bool SegmentedCodeCache                       = true                                      {product} {ergonomic}
   size_t SoftMaxHeapSize                          = 8556380160                             {manageable} {ergonomic}
     bool UseCompressedClassPointers               = true                           {product lp64_product} {ergonomic}
     bool UseCompressedOops                        = true                           {product lp64_product} {ergonomic}
     bool UseG1GC                                  = true                                      {product} {ergonomic}
     bool UseLargePagesIndividualAllocation        = false                                  {pd product} {ergonomic}

Logging:
Log output configuration:
 #0: stdout all=warning uptime,level,tags
 #1: stderr all=off uptime,level,tags

Environment Variables:
PATH=C:\Program Files\Git\mingw64\libexec\git-core;C:\Program Files\Git\mingw64\libexec\git-core;C:\Program Files\Git\mingw64\bin;C:\Program Files\Git\usr\bin;C:\Users\Tomm\bin;C:\Program Files (x86)\Common Files\Oracle\Java\javapath;C:\ProgramData\Oracle\Java\javapath;C:\WINDOWS\system32;C:\WINDOWS;C:\WINDOWS\System32\Wbem;C:\WINDOWS\System32\WindowsPowerShell\v1.0;C:\WINDOWS\System32\OpenSSH;C:\Program Files\PuTTY;C:\Program Files (x86)\NVIDIA Corporation\PhysX\Common;C:\Program Files\Git\cmd;D:\Anaconda;D:\Anaconda\Library\mingw-w64\bin;D:\Anaconda\Library\usr\bin;D:\Anaconda\Library\bin;D:\Anaconda\Scripts;C:\Program Files (x86)\Common Files\Oracle\Java\javapath;C:\ProgramData\Oracle\Java\javapath;C:\Windows\system32;C:\Windows;C:\Windows\System32\Wbem;C:\Windows\System32\WindowsPowerShell\v1.0;D:\PC\Tom\Microsoft VS Code\bin;C:\Users\Tomm\AppData\Local\Microsoft\WindowsApps;D:\IntelliJ IDEA Community Edition 2022.3.3\bin
USERNAME=Tomm
DISPLAY=:0.0
LC_ALL=en_US.UTF-8
TERM=xterm-256color
TMPDIR=C:\Users\Tomm\AppData\Local\Temp
OS=Windows_NT
PROCESSOR_IDENTIFIER=Intel64 Family 6 Model 60 Stepping 3, GenuineIntel
TMP=C:\Users\Tomm\AppData\Local\Temp
TEMP=C:\Users\Tomm\AppData\Local\Temp



Periodic native trim disabled

JNI global refs:
JNI global refs: 0, weak refs: 0

JNI global refs memory usage: 0, weak refs: 0

OOME stack traces (most recent first):
Classloader memory used:


---------------  S Y S T E M  ---------------

OS:
 Windows 10 , 64 bit Build 19041 (10.0.19041.4597)
OS uptime: 18 days 8:58 hours

CPU: total 8 (initial active 8) (4 cores per cpu, 2 threads per core) family 6 model 60 stepping 3 microcode 0x27, cx8, cmov, fxsr, ht, mmx, sse, sse2, sse3, ssse3, sse4.1, sse4.2, popcnt, lzcnt, tsc, tscinvbit, avx, avx2, aes, erms, clmul, bmi1, bmi2, fma, vzeroupper, clflush
Processor Information for all 8 processors :
  Max Mhz: 4001, Current Mhz: 4001, Mhz Limit: 4001

Memory: 4k page, system-wide physical 32630M (6255M free)
TotalPageFile size 63036M (AvailPageFile size 358M)
current process WorkingSet (physical memory assigned to process): 11M, peak: 11M
current process commit charge ("private bytes"): 60M, peak: 572M

vm_info: OpenJDK 64-Bit Server VM (17.0.10+0--11609105) for windows-amd64 JRE (17.0.10+0--11609105), built on Mar 21 2024 19:10:56 by "androidbuild" with MS VC++ 16.10 / 16.11 (VS2019)

END.
